#
# A fatal error has been detected by the Java Runtime Environment:
#
#  Internal Error (javaCalls.cpp:51), pid=13296, tid=0x0000371c
#  guarantee(thread->is_Java_thread()) failed: crucial check - the VM thread cannot and must not escape to Java code
#
# JRE version: Java(TM) SE Runtime Environment (8.0_181-b13) (build 1.8.0_181-b13)
# Java VM: Java HotSpot(TM) Client VM (25.181-b13 mixed mode windows-x86 )
# Failed to write core dump. Minidumps are not enabled by default on client versions of Windows
#
# If you would like to submit a bug report, please visit:
#   http://bugreport.java.com/bugreport/crash.jsp
#

---------------  T H R E A D  ---------------

Current thread (0x00a01c00):  VMThread [stack: 0x00e60000,0x00eb0000] [id=14108]

Stack: [0x00e60000,0x00eb0000],  sp=0x00eae958,  free space=314k
Native frames: (J=compiled Java code, j=interpreted, Vv=VM code, C=native code)
V  [jvm.dll+0x1accfb]
V  [jvm.dll+0x1a5345]
V  [jvm.dll+0x15baee]
V  [jvm.dll+0x15c02f]
V  [jvm.dll+0x223ade]
V  [jvm.dll+0x15c0fe]
V  [jvm.dll+0x15c486]
V  [jvm.dll+0x1a600a]
V  [jvm.dll+0x1a6074]
V  [jvm.dll+0x1a622a]
V  [jvm.dll+0x1a6276]
V  [jvm.dll+0xb2cfb]
V  [jvm.dll+0xb3327]
V  [jvm.dll+0xb3d4b]
V  [jvm.dll+0xb5640]
V  [jvm.dll+0xb63ec]
V  [jvm.dll+0xb6762]
V  [jvm.dll+0x87af1]
V  [jvm.dll+0x8817d]
V  [jvm.dll+0x882c8]
V  [jvm.dll+0x88518]
V  [jvm.dll+0xbeb6f]
V  [jvm.dll+0xce94b]
V  [jvm.dll+0x12389d]
V  [jvm.dll+0x184b5b]
V  [jvm.dll+0x183f71]
V  [jvm.dll+0x184387]
V  [jvm.dll+0x184582]
V  [jvm.dll+0x1c5416]
C  [msvcr100.dll+0x5c556]
C  [msvcr100.dll+0x5c600]
C  [KERNEL32.DLL+0x20419]
C  [ntdll.dll+0x6662d]
C  [ntdll.dll+0x665fd]

VM_Operation (0x14d7f8e8): GetOrSetLocal, mode: safepoint, requested by thread 0x00a39c00


---------------  P R O C E S S  ---------------

Java Threads: ( => current thread )
  0x00aee400 JavaThread "Service Thread" daemon [_thread_blocked, id=31912, stack(0x14f70000,0x14fc0000)]
  0x00ac5000 JavaThread "C1 CompilerThread0" daemon [_thread_blocked, id=17176, stack(0x14ee0000,0x14f30000)]
  0x00a44400 JavaThread "JDWP Command Reader" daemon [_thread_in_native, id=25044, stack(0x14e50000,0x14ea0000)]
  0x00a41800 JavaThread "JDWP Event Helper Thread" daemon [_thread_blocked, id=32904, stack(0x14dc0000,0x14e10000)]
  0x00a39c00 JavaThread "JDWP Transport Listener: dt_socket" daemon [_thread_blocked, id=30544, stack(0x14d30000,0x14d80000)]
  0x00a3d000 JavaThread "Attach Listener" daemon [_thread_blocked, id=14484, stack(0x14ca0000,0x14cf0000)]
  0x00a3b000 JavaThread "Signal Dispatcher" daemon [_thread_blocked, id=14452, stack(0x047a0000,0x047f0000)]
  0x00a1c800 JavaThread "Finalizer" daemon [_thread_blocked, id=7716, stack(0x04610000,0x04660000)]
  0x00a07800 JavaThread "Reference Handler" daemon [_thread_blocked, id=29972, stack(0x00ef0000,0x00f40000)]
  0x0078e400 JavaThread "main" [_thread_blocked, id=23848, stack(0x00dd0000,0x00e20000)]

Other Threads:
=>0x00a01c00 VMThread [stack: 0x00e60000,0x00eb0000] [id=14108]
  0x00afac00 WatcherThread [stack: 0x15000000,0x15050000] [id=32052]

VM state:at safepoint (normal execution)

VM Mutex/Monitor currently owned by a thread:  ([mutex/lock_event])
[0x0078cac8] Threads_lock - owner thread: 0x00a01c00

Heap:
 def new generation   total 4928K, used 1870K [0x04800000, 0x04d50000, 0x09d50000)
  eden space 4416K,  42% used [0x04800000, 0x049d3928, 0x04c50000)
  from space 512K,   0% used [0x04c50000, 0x04c50000, 0x04cd0000)
  to   space 512K,   0% used [0x04cd0000, 0x04cd0000, 0x04d50000)
 tenured generation   total 10944K, used 0K [0x09d50000, 0x0a800000, 0x14800000)
   the space 10944K,   0% used [0x09d50000, 0x09d50000, 0x09d50200, 0x0a800000)
 Metaspace       used 2109K, capacity 2312K, committed 2368K, reserved 4480K

Card table byte_map: [0x00910000,0x009a0000] byte_map_base: 0x008ec000

Polling page: 0x003d0000

CodeCache: size=32768Kb used=664Kb max_used=664Kb free=32103Kb
 bounds [0x02610000, 0x026b8000, 0x04610000]
 total_blobs=140 nmethods=8 adapters=72
 compilation: enabled

Compilation events (10 events):
Event: 0.198 Thread 0x00ac5000    4             java.lang.String::startsWith (72 bytes)
Event: 0.198 Thread 0x00ac5000 nmethod 4 0x026b3488 code [0x026b3590, 0x026b36d0]
Event: 0.199 Thread 0x00ac5000    5             java.io.WinNTFileSystem::normalize (143 bytes)
Event: 0.200 Thread 0x00ac5000 nmethod 5 0x026b3848 code [0x026b39a0, 0x026b3c4c]
Event: 0.205 Thread 0x00ac5000    6             sun.nio.cs.UTF_8$Encoder::encode (359 bytes)
Event: 0.206 Thread 0x00ac5000 nmethod 6 0x026b4248 code [0x026b4390, 0x026b47e8]
Event: 0.206 Thread 0x00ac5000    7             java.lang.String::indexOf (166 bytes)
Event: 0.206 Thread 0x00ac5000 nmethod 7 0x026b4d48 code [0x026b4e60, 0x026b50b0]
Event: 0.206 Thread 0x00ac5000    8             sun.net.www.ParseUtil::encodePath (336 bytes)
Event: 0.207 Thread 0x00ac5000 nmethod 8 0x026b5408 code [0x026b55b0, 0x026b5ca8]

GC Heap History (0 events):
No events

Deoptimization events (0 events):
No events

Classes redefined (3 events):
Event: 64.135 Thread 0x00a01c00 redefined class name=Misc.CustomClasses.Cipher.CipherTester, count=1
Event: 188.927 Thread 0x00a01c00 redefined class name=Misc.CustomClasses.Cipher.CipherTester, count=2
Event: 273.048 Thread 0x00a01c00 redefined class name=Misc.CustomClasses.Cipher.CipherTester, count=3

Internal exceptions (2 events):
Event: 0.055 Thread 0x0078e400 Exception <a 'java/lang/NoSuchMethodError': Method sun.misc.Unsafe.defineClass(Ljava/lang/String;[BII)Ljava/lang/Class; name or signature does not match> (0x04806ea8) thrown at [C:\workspace\8-2-build-windows-i586-cygwin\jdk8u181\11358\hotspot\src\share\v
Event: 0.055 Thread 0x0078e400 Exception <a 'java/lang/NoSuchMethodError': Method sun.misc.Unsafe.prefetchRead(Ljava/lang/Object;J)V name or signature does not match> (0x04807178) thrown at [C:\workspace\8-2-build-windows-i586-cygwin\jdk8u181\11358\hotspot\src\share\vm\prims\jni.cpp, l

Events (10 events):
Event: 273.048 Executing VM operation: RedefineClasses done
Event: 273.138 Executing VM operation: ChangeBreakpoints
Event: 273.138 Executing VM operation: ChangeBreakpoints done
Event: 273.140 Executing VM operation: ChangeBreakpoints
Event: 273.140 Executing VM operation: ChangeBreakpoints done
Event: 273.163 Executing VM operation: ChangeBreakpoints
Event: 273.163 Executing VM operation: ChangeBreakpoints done
Event: 273.165 Executing VM operation: ChangeBreakpoints
Event: 273.165 Executing VM operation: ChangeBreakpoints done
Event: 273.241 Executing VM operation: GetOrSetLocal


Dynamic libraries:
0x00f90000 - 0x00fc3000 	C:\Program Files (x86)\Java\jdk1.8.0_181\bin\java.exe
0x772b0000 - 0x7744c000 	C:\WINDOWS\SYSTEM32\ntdll.dll
0x771c0000 - 0x772a0000 	C:\WINDOWS\System32\KERNEL32.DLL
0x72760000 - 0x72770000 	C:\Program Files\AVAST Software\Avast\x86\aswhook.dll
0x75000000 - 0x751f9000 	C:\WINDOWS\System32\KERNELBASE.dll
0x74860000 - 0x748fc000 	C:\WINDOWS\SYSTEM32\apphelp.dll
0x77120000 - 0x7719e000 	C:\WINDOWS\System32\ADVAPI32.dll
0x76720000 - 0x767e0000 	C:\WINDOWS\System32\msvcrt.dll
0x75df0000 - 0x75e69000 	C:\WINDOWS\System32\sechost.dll
0x75bf0000 - 0x75caf000 	C:\WINDOWS\System32\RPCRT4.dll
0x74910000 - 0x74930000 	C:\WINDOWS\System32\SspiCli.dll
0x74900000 - 0x7490a000 	C:\WINDOWS\System32\CRYPTBASE.dll
0x74ef0000 - 0x74f52000 	C:\WINDOWS\System32\bcryptPrimitives.dll
0x74be0000 - 0x74d7a000 	C:\WINDOWS\System32\USER32.dll
0x74ba0000 - 0x74bb7000 	C:\WINDOWS\System32\win32u.dll
0x75850000 - 0x75873000 	C:\WINDOWS\System32\GDI32.dll
0x74930000 - 0x74a96000 	C:\WINDOWS\System32\gdi32full.dll
0x75b70000 - 0x75bf0000 	C:\WINDOWS\System32\msvcp_win.dll
0x74dc0000 - 0x74ee2000 	C:\WINDOWS\System32\ucrtbase.dll
0x72550000 - 0x7275f000 	C:\WINDOWS\WinSxS\x86_microsoft.windows.common-controls_6595b64144ccf1df_6.0.17763.914_none_4d607d891b9d2bf8\COMCTL32.dll
0x758c0000 - 0x75b38000 	C:\WINDOWS\System32\combase.dll
0x74d90000 - 0x74db5000 	C:\WINDOWS\System32\IMM32.DLL
0x6c870000 - 0x6c92f000 	C:\Program Files (x86)\Java\jdk1.8.0_181\jre\bin\msvcr100.dll
0x62790000 - 0x62b63000 	C:\Program Files (x86)\Java\jdk1.8.0_181\jre\bin\client\jvm.dll
0x75fb0000 - 0x75fb6000 	C:\WINDOWS\System32\PSAPI.DLL
0x72870000 - 0x72878000 	C:\WINDOWS\SYSTEM32\WSOCK32.dll
0x76a10000 - 0x76a6f000 	C:\WINDOWS\System32\WS2_32.dll
0x71ae0000 - 0x71b04000 	C:\WINDOWS\SYSTEM32\WINMM.dll
0x74670000 - 0x74678000 	C:\WINDOWS\SYSTEM32\VERSION.dll
0x70060000 - 0x70083000 	C:\WINDOWS\SYSTEM32\WINMMBASE.dll
0x75880000 - 0x758bb000 	C:\WINDOWS\System32\cfgmgr32.dll
0x72930000 - 0x7293c000 	C:\Program Files (x86)\Java\jdk1.8.0_181\jre\bin\verify.dll
0x72900000 - 0x72922000 	C:\Program Files (x86)\Java\jdk1.8.0_181\jre\bin\java.dll
0x683c0000 - 0x683eb000 	C:\Program Files (x86)\Java\jdk1.8.0_181\jre\bin\jdwp.dll
0x728b0000 - 0x728b7000 	C:\Program Files (x86)\Java\jdk1.8.0_181\jre\bin\npt.dll
0x683a0000 - 0x683c0000 	C:\Program Files (x86)\Java\jdk1.8.0_181\jre\bin\instrument.dll
0x728e0000 - 0x728f4000 	C:\Program Files (x86)\Java\jdk1.8.0_181\jre\bin\zip.dll
0x75200000 - 0x75753000 	C:\WINDOWS\System32\SHELL32.dll
0x76980000 - 0x76a09000 	C:\WINDOWS\System32\shcore.dll
0x76020000 - 0x7661e000 	C:\WINDOWS\System32\windows.storage.dll
0x75b50000 - 0x75b6c000 	C:\WINDOWS\System32\profapi.dll
0x76be0000 - 0x76c34000 	C:\WINDOWS\System32\powrprof.dll
0x75cb0000 - 0x75cf4000 	C:\WINDOWS\System32\shlwapi.dll
0x75d00000 - 0x75d0f000 	C:\WINDOWS\System32\kernel.appcore.dll
0x771a0000 - 0x771b2000 	C:\WINDOWS\System32\cryptsp.dll
0x66c10000 - 0x66c18000 	C:\Program Files (x86)\Java\jdk1.8.0_181\jre\bin\dt_socket.dll
0x724f0000 - 0x72542000 	C:\WINDOWS\system32\mswsock.dll
0x71940000 - 0x71acf000 	C:\WINDOWS\SYSTEM32\dbghelp.dll

VM Arguments:
jvm_args: -agentlib:jdwp=transport=dt_socket,address=127.0.0.1:56554,suspend=y,server=n -javaagent:C:\Users\Jacob\.IdeaIC2018.2\system\captureAgent\debugger-agent.jar=file:/C:/Users/Jacob/AppData/Local/Temp/capture.props -Dfile.encoding=UTF-8 
java_command: Misc.CustomClasses.Cipher.CipherTester
java_class_path (initial): C:\Program Files (x86)\Java\jdk1.8.0_181\jre\lib\charsets.jar;C:\Program Files (x86)\Java\jdk1.8.0_181\jre\lib\deploy.jar;C:\Program Files (x86)\Java\jdk1.8.0_181\jre\lib\ext\access-bridge-32.jar;C:\Program Files (x86)\Java\jdk1.8.0_181\jre\lib\ext\cldrdata.jar;C:\Program Files (x86)\Java\jdk1.8.0_181\jre\lib\ext\dnsns.jar;C:\Program Files (x86)\Java\jdk1.8.0_181\jre\lib\ext\jaccess.jar;C:\Program Files (x86)\Java\jdk1.8.0_181\jre\lib\ext\jfxrt.jar;C:\Program Files (x86)\Java\jdk1.8.0_181\jre\lib\ext\localedata.jar;C:\Program Files (x86)\Java\jdk1.8.0_181\jre\lib\ext\nashorn.jar;C:\Program Files (x86)\Java\jdk1.8.0_181\jre\lib\ext\sunec.jar;C:\Program Files (x86)\Java\jdk1.8.0_181\jre\lib\ext\sunjce_provider.jar;C:\Program Files (x86)\Java\jdk1.8.0_181\jre\lib\ext\sunmscapi.jar;C:\Program Files (x86)\Java\jdk1.8.0_181\jre\lib\ext\sunpkcs11.jar;C:\Program Files (x86)\Java\jdk1.8.0_181\jre\lib\ext\zipfs.jar;C:\Program Files (x86)\Java\jdk1.8.0_181\jre\lib\javaws.jar;C:\Program Files (x86)\Java\jdk1.8.0_181\jre\lib\jce.jar;C:\Program Files (x86)\Java\jdk1.8.0_181\jre\lib\jfr.jar;C:\Program Files (x86)\Java\jdk1.8.0_181\jre\lib\jfxswt.jar;C:\Program Files (x86)\Java\jdk1.8.0_181\jre\lib\jsse.jar;C:\Program Files (x86)\Java\jdk1.8.0_181\jre\lib\management-agent.jar;C:\Program Files (x86)\Java\jdk1.8.0_181\jre\lib\plugin.jar;C:\Program Files (x86)\Java\jdk1.8.0_181\jre\lib\resources.jar;C:\Program Files (x86)\Java\jdk1.8.0_181\jre\lib\rt.jar;C:\JavaProjects\out\production\JavaProjects;C:\Program Files\JetBrains\IntelliJ IDEA Community Edition 2018.2.3\lib\idea_rt.jar;C:\Users\Jacob\.IdeaIC2018.2\system\captureAgent\debugger-agent.jar
Launcher Type: SUN_STANDARD

Environment Variables:
PATH=C:\Program Files (x86)\Common Files\Oracle\Java\javapath;C:\ProgramData\Oracle\Java\javapath;C:\Program Files (x86)\Intel\iCLS Client\;C:\Program Files\Intel\iCLS Client\;C:\Windows\system32;C:\Windows;C:\Windows\System32\Wbem;C:\Windows\System32\WindowsPowerShell\v1.0\;C:\Program Files (x86)\Intel\Intel(R) Management Engine Components\DAL;C:\Program Files\Intel\Intel(R) Management Engine Components\DAL;C:\Program Files (x86)\Intel\Intel(R) Management Engine Components\IPT;C:\Program Files\Intel\Intel(R) Management Engine Components\IPT;C:\WINDOWS\system32;C:\WINDOWS;C:\WINDOWS\System32\Wbem;C:\WINDOWS\System32\WindowsPowerShell\v1.0\;C:\Program Files (x86)\NVIDIA Corporation\PhysX\Common;C:\WINDOWS\system32;C:\WINDOWS;C:\WINDOWS\System32\Wbem;C:\WINDOWS\System32\WindowsPowerShell\v1.0\;C:\WINDOWS\System32\OpenSSH\;C:\Program Files\doxygen\bin;C:\Program Files (x86)\Wolfram Research\WolframScript\;C:\Program Files\Intel\WiFi\bin\;C:\Program Files\Common Files\Intel\WirelessCommon\;C:\Users\Jacob\AppData\Local\Microsoft\WindowsApps;
USERNAME=Jacob Local
OS=Windows_NT
PROCESSOR_IDENTIFIER=Intel64 Family 6 Model 94 Stepping 3, GenuineIntel



---------------  S Y S T E M  ---------------

OS: Windows 10.0 , 64 bit Build 17763 (10.0.17763.475)

CPU:total 4 (initial active 4) (4 cores per cpu, 1 threads per core) family 6 model 94 stepping 3, cmov, cx8, fxsr, mmx, sse, sse2, sse3, ssse3, sse4.1, sse4.2, popcnt, avx, avx2, aes, clmul, erms, rtm, 3dnowpref, lzcnt, tsc, tscinvbit, bmi1, bmi2, adx

Memory: 4k page, physical 8253840k(2923432k free), swap 15513444k(5885836k free)

vm_info: Java HotSpot(TM) Client VM (25.181-b13) for windows-x86 JRE (1.8.0_181-b13), built on Jul  7 2018 03:18:20 by "java_re" with MS VC++ 10.0 (VS2010)

time: Thu Jan 02 15:09:44 2020
elapsed time: 273 seconds (0d 0h 4m 33s)

